<?xml version="1.0" encoding="utf-8"?><testsuites name="pytest tests"><testsuite name="pytest" errors="0" failures="0" skipped="0" tests="26" time="12.771" timestamp="2026-08-29T20:26:46.253025+00:00" hostname="agent-env-f9287fdb-6ae6-4c50-bb15-e934feb46a4e"><testcase classname="tests.test_coupons_and_cron.TestAdminCouponAuth" name="test_list_without_auth_401" time="0.353" /><testcase classname="tests.test_coupons_and_cron.TestAdminCouponCRUD" name="test_a_cleanup_and_create_welcome" time="0.971" /><testcase classname="tests.test_coupons_and_cron.TestAdminCouponAuth" name="test_list_as_nonadmin_403" time="0.699" /><testcase classname="tests.test_coupons_and_cron.TestAdminCouponCRUD" name="test_b_list_contains_welcome" time="0.200" /><testcase classname="tests.test_coupons_and_cron.TestAdminCouponAuth" name="test_create_without_auth_401" time="0.155" /><testcase classname="tests.test_coupons_and_cron.TestAdminCouponCRUD" name="test_c_duplicate_code_400" time="0.341" /><testcase classname="tests.test_coupons_and_cron.TestAdminCouponAuth" name="test_create_as_nonadmin_403" time="0.222" /><testcase classname="tests.test_coupons_and_cron.TestAdminCouponCRUD" name="test_d_missing_discount_400" time="0.307" /><testcase classname="tests.test_coupons_and_cron.TestCouponValidate" name="test_valid_welcome_100pct" time="0.543" /><testcase classname="tests.test_coupons_and_cron.TestAdminCouponCRUD" name="test_e_percent_out_of_range_400" time="0.441" /><testcase classname="tests.test_coupons_and_cron.TestCouponValidate" name="test_invalid_code" time="0.188" /><testcase classname="tests.test_coupons_and_cron.TestCouponValidate" name="test_empty_code_valid_no_discount" time="0.154" /><testcase classname="tests.test_coupons_and_cron.TestAdminCouponCRUD" name="test_f_update_welcome" time="0.166" /><testcase classname="tests.test_coupons_and_cron.TestCouponValidate" name="test_invalid_plan_400" time="0.182" /><testcase classname="tests.test_coupons_and_cron.TestAdminCouponCRUD" name="test_g_delete_creates_temp_and_removes" time="0.355" /><testcase classname="tests.test_coupons_and_cron.TestCheckoutWithCoupon" name="test_a_invalid_coupon_400" time="0.223" /><testcase classname="tests.test_coupons_and_cron.TestCheckoutWithCoupon" name="test_b_welcome_100pct_free_session" time="0.475" /><testcase classname="tests.test_coupons_and_cron.TestCron" name="test_a_no_auth_401" time="0.226" /><testcase classname="tests.test_coupons_and_cron.TestCron" name="test_b_wrong_auth_401" time="0.156" /><testcase classname="tests.test_coupons_and_cron.TestCron" name="test_c_correct_auth_queued" time="0.170" /><testcase classname="tests.test_coupons_and_cron.TestCheckoutWithCoupon" name="test_c_black50_stripe_session_with_discount" time="1.442" /><testcase classname="tests.test_coupons_and_cron.TestCron" name="test_d_reminder_dedup_and_effect" time="7.450" /><testcase classname="tests.test_coupons_and_cron.TestCheckoutWithCoupon" name="test_d_max_uses_exhausted" time="0.919" /><testcase classname="tests.test_coupons_and_cron.TestRegressionSmoke" name="test_full_flow" time="1.645" /><testcase classname="tests.test_coupons_and_cron.TestPlatformAdminFlag" name="test_admin_user_flag_true" time="0.235" /><testcase classname="tests.test_coupons_and_cron.TestPlatformAdminFlag" name="test_nonadmin_user_flag_false" time="0.558" /></testsuite></testsuites>