<?xml version="1.0" encoding="utf-8"?><testsuites name="pytest tests"><testsuite name="pytest" errors="0" failures="0" skipped="0" tests="17" time="4.377" timestamp="2026-08-29T21:38:13.742196+00:00" hostname="agent-env-f9287fdb-6ae6-4c50-bb15-e934feb46a4e"><testcase classname="tests.test_cookie_auth.TestAuthMeCookieAndBearer" name="test_a_no_auth_returns_401" time="0.152" /><testcase classname="tests.test_cookie_auth.TestFilesAuth" name="test_a_no_auth_401" time="0.247" /><testcase classname="tests.test_cookie_auth.TestAuthMeCookieAndBearer" name="test_b_cookie_only_returns_200" time="0.591" /><testcase classname="tests.test_cookie_auth.TestFilesAuth" name="test_b_token_query_no_longer_works" time="0.610" /><testcase classname="tests.test_cookie_auth.TestAuthMeCookieAndBearer" name="test_c_bearer_only_returns_200" time="0.598" /><testcase classname="tests.test_cookie_auth.TestFilesAuth" name="test_c_auth_but_path_outside_appname_403" time="0.546" /><testcase classname="tests.test_cookie_auth.TestAuthMeCookieAndBearer" name="test_d_bad_cookie_returns_401" time="0.187" /><testcase classname="tests.test_cookie_auth.TestFilesAuth" name="test_d_auth_but_wrong_company_id_in_path_403" time="0.498" /><testcase classname="tests.test_cookie_auth.TestAuthMeCookieAndBearer" name="test_e_bad_bearer_returns_401" time="0.243" /><testcase classname="tests.test_cookie_auth.TestFilesAuth" name="test_e_auth_via_bearer_also_enforces_scope" time="0.611" /><testcase classname="tests.test_cookie_auth.TestRegressionSmokeBothAuth" name="test_a_clients_via_cookie" time="0.692" /><testcase classname="tests.test_cookie_auth.TestRegressionSmokeBothAuth" name="test_b_clients_via_bearer" time="0.393" /><testcase classname="tests.test_cookie_auth.TestCookieSetOnAuth" name="test_login_sets_cookie" time="0.390" /><testcase classname="tests.test_cookie_auth.TestRegressionSmokeBothAuth" name="test_c_products_via_cookie_and_bearer" time="0.742" /><testcase classname="tests.test_cookie_auth.TestCookieSetOnAuth" name="test_register_sets_cookie" time="0.340" /><testcase classname="tests.test_cookie_auth.TestLogout" name="test_logout_clears_cookie_and_me_becomes_401" time="0.522" /><testcase classname="tests.test_cookie_auth.TestRegressionSmokeBothAuth" name="test_d_orders_via_cookie" time="0.210" /></testsuite></testsuites>